2024-03-13 13:39:37,751 INFO o.a.j.u.JMeterUtils: Setting Locale to en_EN
2024-03-13 13:39:37,799 INFO o.a.j.JMeter: Loading user properties from: C:\Users\X1\Downloads\apache-jmeter-5.6.3\bin\user.properties
2024-03-13 13:39:37,801 INFO o.a.j.JMeter: Loading system properties from: C:\Users\X1\Downloads\apache-jmeter-5.6.3\bin\system.properties
2024-03-13 13:39:37,815 INFO o.a.j.JMeter: Copyright (c) 1998-2024 The Apache Software Foundation
2024-03-13 13:39:37,816 INFO o.a.j.JMeter: Version 5.6.3
2024-03-13 13:39:37,816 INFO o.a.j.JMeter: java.version=21.0.2
2024-03-13 13:39:37,816 INFO o.a.j.JMeter: java.vm.name=Java HotSpot(TM) 64-Bit Server VM
2024-03-13 13:39:37,816 INFO o.a.j.JMeter: os.name=Windows 10
2024-03-13 13:39:37,816 INFO o.a.j.JMeter: os.arch=amd64
2024-03-13 13:39:37,817 INFO o.a.j.JMeter: os.version=10.0
2024-03-13 13:39:37,817 INFO o.a.j.JMeter: file.encoding=UTF-8
2024-03-13 13:39:37,818 INFO o.a.j.JMeter: java.awt.headless=null
2024-03-13 13:39:37,818 INFO o.a.j.JMeter: Max memory     =1073741824
2024-03-13 13:39:37,818 INFO o.a.j.JMeter: Available Processors =4
2024-03-13 13:39:37,857 INFO o.a.j.JMeter: Default Locale=English (EN)
2024-03-13 13:39:37,858 INFO o.a.j.JMeter: JMeter  Locale=English (EN)
2024-03-13 13:39:37,858 INFO o.a.j.JMeter: JMeterHome=C:\Users\X1\Downloads\apache-jmeter-5.6.3
2024-03-13 13:39:37,858 INFO o.a.j.JMeter: user.dir  =C:\Users\X1\Downloads\exercise-profiling
2024-03-13 13:39:37,859 INFO o.a.j.JMeter: PWD       =C:\Users\X1\Downloads\exercise-profiling
2024-03-13 13:39:37,861 INFO o.a.j.JMeter: IP: 192.168.1.23 Name: LAPTOP-7P7QSEJO FullName: LAPTOP-7P7QSEJO
